[2022-08-03T11:59:36.496Z] Log level: Info
[2022-08-03T11:59:36.506Z] [info] Validating found git in: git
[2022-08-03T11:59:36.647Z] [info] Using git 2.35.1 from git
[2022-08-03T11:59:36.742Z] > git rev-parse --show-toplevel [72ms]
[2022-08-03T11:59:36.770Z] > git rev-parse --git-dir --git-common-dir [12ms]
[2022-08-03T11:59:36.780Z] [info] Open repository: /root/Github/getflixProject
[2022-08-03T11:59:36.805Z] > git status -z -uall [12ms]
[2022-08-03T11:59:36.816Z] > git symbolic-ref --short HEAD [3ms]
[2022-08-03T11:59:36.830Z] > git for-each-ref --format=%(refname)%00%(upstream:short)%00%(objectname)%00%(upstream:track)%00%(upstream:remotename)%00%(upstream:remoteref) refs/heads/dev refs/remotes/dev [4ms]
[2022-08-03T11:59:36.853Z] > git for-each-ref --sort -committerdate --format %(refname) %(objectname) %(*objectname) [15ms]
[2022-08-03T11:59:36.857Z] > git remote --verbose [6ms]
[2022-08-03T11:59:37.255Z] > git config --get commit.template [339ms]
[2022-08-03T11:59:37.342Z] > git status -z -uall [48ms]
[2022-08-03T11:59:37.383Z] > git check-ignore -v -z --stdin [53ms]
[2022-08-03T11:59:37.387Z] > git symbolic-ref --short HEAD [5ms]
[2022-08-03T11:59:37.436Z] > git for-each-ref --format=%(refname)%00%(upstream:short)%00%(objectname)%00%(upstream:track)%00%(upstream:remotename)%00%(upstream:remoteref) refs/heads/dev refs/remotes/dev [8ms]
[2022-08-03T11:59:37.494Z] > git for-each-ref --sort -committerdate --format %(refname) %(objectname) %(*objectname) [28ms]
[2022-08-03T11:59:37.496Z] > git remote --verbose [4ms]
[2022-08-03T11:59:37.531Z] > git config --get commit.template [5ms]
[2022-08-03T11:59:38.660Z] > git show --textconv :app/frontend/src/components/Anime/carouselAnime.js [110ms]
[2022-08-03T11:59:38.660Z] > git ls-files --stage -- /root/Github/getflixProject/app/frontend/src/components/Anime/carouselAnime.js [41ms]
[2022-08-03T11:59:38.691Z] > git cat-file -s 2a6733116706f1371aec9b5c9a5a9b4683e5a0bc [8ms]
[2022-08-03T11:59:38.839Z] > git check-ignore -v -z --stdin [2ms]
[2022-08-03T11:59:39.467Z] > git check-ignore -v -z --stdin [2ms]
[2022-08-03T11:59:50.185Z] > git status -z -uall [5ms]
[2022-08-03T11:59:50.195Z] > git symbolic-ref --short HEAD [1ms]
[2022-08-03T11:59:50.204Z] > git for-each-ref --format=%(refname)%00%(upstream:short)%00%(objectname)%00%(upstream:track)%00%(upstream:remotename)%00%(upstream:remoteref) refs/heads/dev refs/remotes/dev [1ms]
[2022-08-03T11:59:50.221Z] > git for-each-ref --sort -committerdate --format %(refname) %(objectname) %(*objectname) [8ms]
[2022-08-03T11:59:50.221Z] > git remote --verbose [1ms]
[2022-08-03T11:59:50.235Z] > git config --get commit.template [2ms]
[2022-08-03T11:59:55.250Z] > git status -z -uall [5ms]
[2022-08-03T11:59:55.257Z] > git symbolic-ref --short HEAD [1ms]
[2022-08-03T11:59:55.263Z] > git for-each-ref --format=%(refname)%00%(upstream:short)%00%(objectname)%00%(upstream:track)%00%(upstream:remotename)%00%(upstream:remoteref) refs/heads/dev refs/remotes/dev [1ms]
[2022-08-03T11:59:55.276Z] > git for-each-ref --sort -committerdate --format %(refname) %(objectname) %(*objectname) [6ms]
[2022-08-03T11:59:55.276Z] > git remote --verbose [1ms]
[2022-08-03T11:59:55.289Z] > git config --get commit.template [2ms]
[2022-08-03T12:00:00.300Z] > git status -z -uall [5ms]
[2022-08-03T12:00:00.310Z] > git symbolic-ref --short HEAD [2ms]
[2022-08-03T12:00:00.318Z] > git for-each-ref --format=%(refname)%00%(upstream:short)%00%(objectname)%00%(upstream:track)%00%(upstream:remotename)%00%(upstream:remoteref) refs/heads/dev refs/remotes/dev [2ms]
[2022-08-03T12:00:00.334Z] > git for-each-ref --sort -committerdate --format %(refname) %(objectname) %(*objectname) [8ms]
[2022-08-03T12:00:00.335Z] > git remote --verbose [3ms]
[2022-08-03T12:00:00.349Z] > git config --get commit.template [1ms]
[2022-08-03T12:00:04.630Z] > git ls-files --stage -- /root/Github/getflixProject/app/frontend/src/components/Anime/carouselAnime.js [2ms]
[2022-08-03T12:00:04.637Z] > git cat-file -s 5a8373919d5053f96cb96f47c5743f228f0e25ee [2ms]
[2022-08-03T12:00:04.649Z] > git show --textconv :app/frontend/src/components/Anime/carouselAnime.js [2ms]
[2022-08-03T12:00:05.367Z] > git status -z -uall [10ms]
[2022-08-03T12:00:05.373Z] > git symbolic-ref --short HEAD [1ms]
[2022-08-03T12:00:05.380Z] > git for-each-ref --format=%(refname)%00%(upstream:short)%00%(objectname)%00%(upstream:track)%00%(upstream:remotename)%00%(upstream:remoteref) refs/heads/dev refs/remotes/dev [2ms]
[2022-08-03T12:00:05.389Z] > git for-each-ref --sort -committerdate --format %(refname) %(objectname) %(*objectname) [5ms]
[2022-08-03T12:00:05.390Z] > git remote --verbose [2ms]
[2022-08-03T12:00:05.401Z] > git config --get commit.template [1ms]
[2022-08-03T12:00:10.423Z] > git status -z -uall [9ms]
[2022-08-03T12:00:10.428Z] > git symbolic-ref --short HEAD [1ms]
[2022-08-03T12:00:10.435Z] > git for-each-ref --format=%(refname)%00%(upstream:short)%00%(objectname)%00%(upstream:track)%00%(upstream:remotename)%00%(upstream:remoteref) refs/heads/dev refs/remotes/dev [2ms]
[2022-08-03T12:00:10.445Z] > git for-each-ref --sort -committerdate --format %(refname) %(objectname) %(*objectname) [6ms]
[2022-08-03T12:00:10.445Z] > git remote --verbose [1ms]
[2022-08-03T12:00:10.458Z] > git config --get commit.template [1ms]
[2022-08-03T12:00:12.269Z] > git ls-files --stage -- /root/Github/getflixProject/app/frontend/src/components/Anime/carouselAnime.js [1ms]
[2022-08-03T12:00:12.275Z] > git cat-file -s 5a8373919d5053f96cb96f47c5743f228f0e25ee [1ms]
[2022-08-03T12:00:12.285Z] > git show --textconv :app/frontend/src/components/Anime/carouselAnime.js [1ms]
[2022-08-03T12:00:17.209Z] > git status -z -uall [50ms]
[2022-08-03T12:00:17.230Z] > git symbolic-ref --short HEAD [7ms]
[2022-08-03T12:00:17.270Z] > git for-each-ref --format=%(refname)%00%(upstream:short)%00%(objectname)%00%(upstream:track)%00%(upstream:remotename)%00%(upstream:remoteref) refs/heads/dev refs/remotes/dev [31ms]
[2022-08-03T12:00:17.292Z] > git for-each-ref --sort -committerdate --format %(refname) %(objectname) %(*objectname) [15ms]
[2022-08-03T12:00:17.292Z] > git remote --verbose [6ms]
[2022-08-03T12:00:17.315Z] > git config --get commit.template [4ms]
[2022-08-03T12:00:22.328Z] > git status -z -uall [4ms]
[2022-08-03T12:00:22.336Z] > git symbolic-ref --short HEAD [1ms]
[2022-08-03T12:00:22.343Z] > git for-each-ref --format=%(refname)%00%(upstream:short)%00%(objectname)%00%(upstream:track)%00%(upstream:remotename)%00%(upstream:remoteref) refs/heads/dev refs/remotes/dev [1ms]
[2022-08-03T12:00:22.357Z] > git for-each-ref --sort -committerdate --format %(refname) %(objectname) %(*objectname) [7ms]
[2022-08-03T12:00:22.357Z] > git remote --verbose [1ms]
[2022-08-03T12:00:22.369Z] > git config --get commit.template [2ms]
[2022-08-03T12:00:27.381Z] > git status -z -uall [5ms]
[2022-08-03T12:00:27.387Z] > git symbolic-ref --short HEAD [1ms]
[2022-08-03T12:00:27.393Z] > git for-each-ref --format=%(refname)%00%(upstream:short)%00%(objectname)%00%(upstream:track)%00%(upstream:remotename)%00%(upstream:remoteref) refs/heads/dev refs/remotes/dev [2ms]
[2022-08-03T12:00:27.406Z] > git for-each-ref --sort -committerdate --format %(refname) %(objectname) %(*objectname) [8ms]
[2022-08-03T12:00:27.406Z] > git remote --verbose [1ms]
[2022-08-03T12:00:27.416Z] > git config --get commit.template [1ms]
